<?xml version="1.0" encoding="UTF-8"?>
<!-- Generated by org.testng.reporters.JUnitReportReporter -->
<testsuite skipped="0" hostname="gustavo-184" name="DesafioTestes" tests="3" failures="0" timestamp="28 nov 2018 11:21:09 GMT" time="53.328" errors="0">
  <testcase name="verificarSeContemTexto" time="33.541" classname="DesafioTestes"/>
  <testcase name="compararDatas" time="11.691" classname="DesafioTestes"/>
  <testcase name="validarVersaoPro" time="8.096" classname="DesafioTestes"/>
</testsuite> <!-- DesafioTestes -->
