<?xml version="1.0" encoding="UTF-8"?>
<!-- Generated by org.testng.reporters.JUnitReportReporter -->
<testsuite skipped="0" hostname="gustavo-184" name="DesafioTeste1" tests="3" failures="0" timestamp="27 nov 2018 18:46:33 GMT" time="48.566" errors="0">
  <testcase name="verificarSeContemTexto" time="26.686" classname="DesafioTeste1"/>
  <testcase name="compararDatas" time="11.465" classname="DesafioTeste1"/>
  <testcase name="validarVersaoPro" time="10.415" classname="DesafioTeste1"/>
</testsuite> <!-- DesafioTeste1 -->
